first name,last name,ID,country,gender
Mohammed,Mehmeti,8137240,NL,M
Aron,Thanasi,1810541,RO,M
Joel,Laçi,9435426,BG,-
Aria,Kuqi,1622195,BG,F
Amina,Սարգսյան,4805813,RS,F
Olivia,Steiner,6541537,DE,F
Agnes,Steiner,6281144,DE,F
Emma,Schmidt,6696666,AT,F
Ema,Həsənov,2192269,HR,F
Jan,Козловский,5236228,UA,M
Natálie,Peeters,7957914,BE,F
Peter,De Smet,2357451,BE,M
Han,Nguyen,3244343,NL,M
Matej,Tahirović,6268312,NL,M
Dmitry,Đurić,4229436,NL,M
Ander,Božić,5791111,HU,X
Pol,Veselá,1434529,PO,M
Leon,Olsen,4866937,US,M
Oliver,Møller,9707862,DE,M
Gabriel,Kukk,5904559,GB,M
Zsófia,Semjonov,2025291,SK,F
Ann,Rasmussen,3597511,DK,F
Ava,Järvinen,3182164,SE,F
Alise,Ahonen,9461572,SE,F
Sophie,Roux,9142023,FR,F
Mateo,Durand,1454417,FR,-
Aimar,Kobolev,2096090,DE,-
Ben,Παπουτσής,1694360,GR,M
Tim,O'Brien,5765923,IE,M
Louis,De Luca,3228855,NL,M
George,Fontana,3766352,NL,M
Jack,de Vries,9712762,NL,M
Oscar,van Dijk,2151240,NL,M
Leo,van der Meer,9485127,NL,M
Jaap,Janssens,5253036,NL,M
Martina,Woźniak,7540868,NL,F
Laura,Rodrigues,3374908,ES,F
Sarah,Ramírez,2710529,ES,F
Emma,Eriksson,5297908,DK,F
Mark,Baumann,5678645,DE,M
Noah,Öztürk,2888276,DE,M
Emil,Shevchenko,2978362,NL,M
John,Smith,5481302,GB,M
Peter,Brown,5067685,IE,M
Ian,MacDonald,2285804,GB,M
Hannah,de Vries,4528975,NL,F